<?xml version="1.0" encoding="UTF-8"?>
<testng-results skipped="0" failed="0" ignored="0" total="1" passed="1">
  <reporter-output>
  </reporter-output>
  <suite name="Surefire suite" duration-ms="4643" started-at="2017-12-07T12:12:16Z" finished-at="2017-12-07T12:12:21Z">
    <groups>
    </groups>
    <test name="Surefire test" duration-ms="4643" started-at="2017-12-07T12:12:16Z" finished-at="2017-12-07T12:12:21Z">
      <class name="test.Test99GuruLogin">
        <test-method status="PASS" signature="setup()[pri:0, instance:test.Test99GuruLogin@566776ad]" name="setup" is-config="true" duration-ms="3570" started-at="2017-12-07T14:12:16Z" finished-at="2017-12-07T14:12:20Z">
          <reporter-output>
          </reporter-output>
        </test-method> <!-- setup -->
        <test-method status="PASS" signature="test_Home_Page_Appear_Correct()[pri:0, instance:test.Test99GuruLogin@566776ad]" name="test_Home_Page_Appear_Correct" duration-ms="1059" started-at="2017-12-07T14:12:20Z" finished-at="2017-12-07T14:12:21Z">
          <reporter-output>
          </reporter-output>
        </test-method> <!-- test_Home_Page_Appear_Correct -->
      </class> <!-- test.Test99GuruLogin -->
    </test> <!-- Surefire test -->
  </suite> <!-- Surefire suite -->
</testng-results>
